Flow report for top_signal
Fri Dec 28 11:34:58 2018
Quartus II 64-Bit Version 13.1.0 Build 162 10/23/2013 SJ Full Version


---------------------
; Table of Contents ;
---------------------
  1. Legal Notice
  2. Flow Summary
  3. Flow Settings
  4. Flow Non-Default Global Settings
  5. Flow Elapsed Time
  6. Flow OS Summary
  7. Flow Log
  8. Flow Messages
  9. Flow Suppressed Messages



----------------
; Legal Notice ;
----------------
Copyright (C) 1991-2013 Altera Corporation
Your use of Altera Corporation's design tools, logic functions 
and other software and tools, and its AMPP partner logic 
functions, and any output files from any of the foregoing 
(including device programming or simulation files), and any 
associated documentation or information are expressly subject 
to the terms and conditions of the Altera Program License 
Subscription Agreement, Altera MegaCore Function License 
Agreement, or other applicable license agreement, including, 
without limitation, that your use is for the sole purpose of 
programming logic devices manufactured by Altera and sold by 
Altera or its authorized distributors.  Please refer to the 
applicable agreement for further details.



+-------------------------------------------------------------------------------+
; Flow Summary                                                                  ;
+---------------------------------+---------------------------------------------+
; Flow Status                     ; Successful - Fri Dec 28 11:34:58 2018       ;
; Quartus II 64-Bit Version       ; 13.1.0 Build 162 10/23/2013 SJ Full Version ;
; Revision Name                   ; top_signal                                  ;
; Top-level Entity Name           ; top_signal                                  ;
; Family                          ; Cyclone V                                   ;
; Device                          ; 5CSEMA5F31C6                                ;
; Timing Models                   ; Preliminary                                 ;
; Logic utilization (in ALMs)     ; 663 / 32,070 ( 2 % )                        ;
; Total registers                 ; 936                                         ;
; Total pins                      ; 43 / 457 ( 9 % )                            ;
; Total virtual pins              ; 0                                           ;
; Total block memory bits         ; 1,064,960 / 4,065,280 ( 26 % )              ;
; Total DSP Blocks                ; 0 / 87 ( 0 % )                              ;
; Total HSSI RX PCSs              ; 0                                           ;
; Total HSSI PMA RX Deserializers ; 0                                           ;
; Total HSSI TX PCSs              ; 0                                           ;
; Total HSSI TX Channels          ; 0                                           ;
; Total PLLs                      ; 0 / 6 ( 0 % )                               ;
; Total DLLs                      ; 0 / 4 ( 0 % )                               ;
+---------------------------------+---------------------------------------------+


+-----------------------------------------+
; Flow Settings                           ;
+-------------------+---------------------+
; Option            ; Setting             ;
+-------------------+---------------------+
; Start date & time ; 12/28/2018 11:32:47 ;
; Main task         ; Compilation         ;
; Revision Name     ; top_signal          ;
+-------------------+---------------------+


+----------------------------------------------------------------------------------------------------------------------------------------------------------------------+
; Flow Non-Default Global Settings                                                                                                                                     ;
+--------------------------------------+----------------------------------------------------------------------------+---------------+-------------+--------------------+
; Assignment Name                      ; Value                                                                      ; Default Value ; Entity Name ; Section Id         ;
+--------------------------------------+----------------------------------------------------------------------------+---------------+-------------+--------------------+
; COMPILER_SIGNATURE_ID                ; 277375804652359.154596796708952                                            ; --            ; --          ; --                 ;
; EDA_DESIGN_INSTANCE_NAME             ; NA                                                                         ; --            ; --          ; top_signal_vlg_tst ;
; EDA_NATIVELINK_SIMULATION_TEST_BENCH ; top_signal_vlg_tst                                                         ; --            ; --          ; eda_simulation     ;
; EDA_OUTPUT_DATA_FORMAT               ; Verilog Hdl                                                                ; --            ; --          ; eda_simulation     ;
; EDA_SIMULATION_TOOL                  ; ModelSim-Altera (Verilog)                                                  ; <None>        ; --          ; --                 ;
; EDA_TEST_BENCH_ENABLE_STATUS         ; TEST_BENCH_MODE                                                            ; --            ; --          ; eda_simulation     ;
; EDA_TEST_BENCH_FILE                  ; simulation/modelsim/top_signal.vt                                          ; --            ; --          ; top_signal_vlg_tst ;
; EDA_TEST_BENCH_MODULE_NAME           ; top_signal_vlg_tst                                                         ; --            ; --          ; top_signal_vlg_tst ;
; EDA_TEST_BENCH_NAME                  ; top_signal_vlg_tst                                                         ; --            ; --          ; eda_simulation     ;
; EDA_TEST_BENCH_RUN_SIM_FOR           ; 100 us                                                                     ; --            ; --          ; top_signal_vlg_tst ;
; EDA_TIME_SCALE                       ; 1 ns                                                                       ; --            ; --          ; eda_simulation     ;
; ENABLE_OCT_DONE                      ; Off                                                                        ; On            ; --          ; --                 ;
; ENABLE_SIGNALTAP                     ; On                                                                         ; --            ; --          ; --                 ;
; IP_TOOL_NAME                         ; ROM: 1-PORT                                                                ; --            ; --          ; --                 ;
; IP_TOOL_NAME                         ; ROM: 1-PORT                                                                ; --            ; --          ; --                 ;
; IP_TOOL_NAME                         ; ROM: 1-PORT                                                                ; --            ; --          ; --                 ;
; IP_TOOL_NAME                         ; ROM: 1-PORT                                                                ; --            ; --          ; --                 ;
; IP_TOOL_VERSION                      ; 13.1                                                                       ; --            ; --          ; --                 ;
; IP_TOOL_VERSION                      ; 13.1                                                                       ; --            ; --          ; --                 ;
; IP_TOOL_VERSION                      ; 13.1                                                                       ; --            ; --          ; --                 ;
; IP_TOOL_VERSION                      ; 13.1                                                                       ; --            ; --          ; --                 ;
; MAX_CORE_JUNCTION_TEMP               ; 85                                                                         ; --            ; --          ; --                 ;
; MIN_CORE_JUNCTION_TEMP               ; 0                                                                          ; --            ; --          ; --                 ;
; MISC_FILE                            ; sin_bb.v                                                                   ; --            ; --          ; --                 ;
; MISC_FILE                            ; triangle_bb.v                                                              ; --            ; --          ; --                 ;
; MISC_FILE                            ; sawtooth_bb.v                                                              ; --            ; --          ; --                 ;
; MISC_FILE                            ; rectangle_bb.v                                                             ; --            ; --          ; --                 ;
; PARTITION_COLOR                      ; 16764057                                                                   ; --            ; --          ; Top                ;
; PARTITION_FITTER_PRESERVATION_LEVEL  ; PLACEMENT_AND_ROUTING                                                      ; --            ; --          ; Top                ;
; PARTITION_NETLIST_TYPE               ; SOURCE                                                                     ; --            ; --          ; Top                ;
; POWER_BOARD_THERMAL_MODEL            ; None (CONSERVATIVE)                                                        ; --            ; --          ; --                 ;
; POWER_PRESET_COOLING_SOLUTION        ; 23 MM HEAT SINK WITH 200 LFPM AIRFLOW                                      ; --            ; --          ; --                 ;
; PROJECT_OUTPUT_DIRECTORY             ; output_files                                                               ; --            ; --          ; --                 ;
; SLD_FILE                             ; db/stp1_auto_stripped.stp                                                  ; --            ; --          ; --                 ;
; SLD_NODE_CREATOR_ID                  ; 110                                                                        ; --            ; --          ; auto_signaltap_0   ;
; SLD_NODE_ENTITY_NAME                 ; sld_signaltap                                                              ; --            ; --          ; auto_signaltap_0   ;
; SLD_NODE_PARAMETER_ASSIGNMENT        ; SLD_RAM_BLOCK_TYPE=AUTO                                                    ; --            ; --          ; auto_signaltap_0   ;
; SLD_NODE_PARAMETER_ASSIGNMENT        ; SLD_DATA_BITS=8                                                            ; --            ; --          ; auto_signaltap_0   ;
; SLD_NODE_PARAMETER_ASSIGNMENT        ; SLD_TRIGGER_BITS=8                                                         ; --            ; --          ; auto_signaltap_0   ;
; SLD_NODE_PARAMETER_ASSIGNMENT        ; SLD_NODE_INFO=805334528                                                    ; --            ; --          ; auto_signaltap_0   ;
; SLD_NODE_PARAMETER_ASSIGNMENT        ; SLD_POWER_UP_TRIGGER=0                                                     ; --            ; --          ; auto_signaltap_0   ;
; SLD_NODE_PARAMETER_ASSIGNMENT        ; SLD_STORAGE_QUALIFIER_INVERSION_MASK_LENGTH=0                              ; --            ; --          ; auto_signaltap_0   ;
; SLD_NODE_PARAMETER_ASSIGNMENT        ; SLD_ATTRIBUTE_MEM_MODE=OFF                                                 ; --            ; --          ; auto_signaltap_0   ;
; SLD_NODE_PARAMETER_ASSIGNMENT        ; SLD_STATE_FLOW_USE_GENERATED=0                                             ; --            ; --          ; auto_signaltap_0   ;
; SLD_NODE_PARAMETER_ASSIGNMENT        ; SLD_STATE_BITS=11                                                          ; --            ; --          ; auto_signaltap_0   ;
; SLD_NODE_PARAMETER_ASSIGNMENT        ; SLD_BUFFER_FULL_STOP=1                                                     ; --            ; --          ; auto_signaltap_0   ;
; SLD_NODE_PARAMETER_ASSIGNMENT        ; SLD_CURRENT_RESOURCE_WIDTH=1                                               ; --            ; --          ; auto_signaltap_0   ;
; SLD_NODE_PARAMETER_ASSIGNMENT        ; SLD_TRIGGER_LEVEL=1                                                        ; --            ; --          ; auto_signaltap_0   ;
; SLD_NODE_PARAMETER_ASSIGNMENT        ; SLD_TRIGGER_IN_ENABLED=0                                                   ; --            ; --          ; auto_signaltap_0   ;
; SLD_NODE_PARAMETER_ASSIGNMENT        ; SLD_ADVANCED_TRIGGER_ENTITY=basic,1,                                       ; --            ; --          ; auto_signaltap_0   ;
; SLD_NODE_PARAMETER_ASSIGNMENT        ; SLD_TRIGGER_LEVEL_PIPELINE=1                                               ; --            ; --          ; auto_signaltap_0   ;
; SLD_NODE_PARAMETER_ASSIGNMENT        ; SLD_ENABLE_ADVANCED_TRIGGER=0                                              ; --            ; --          ; auto_signaltap_0   ;
; SLD_NODE_PARAMETER_ASSIGNMENT        ; SLD_INVERSION_MASK=0000000000000000000000000000000000000000000000000000000 ; --            ; --          ; auto_signaltap_0   ;
; SLD_NODE_PARAMETER_ASSIGNMENT        ; SLD_INVERSION_MASK_LENGTH=55                                               ; --            ; --          ; auto_signaltap_0   ;
; SLD_NODE_PARAMETER_ASSIGNMENT        ; SLD_SEGMENT_SIZE=131072                                                    ; --            ; --          ; auto_signaltap_0   ;
; SLD_NODE_PARAMETER_ASSIGNMENT        ; SLD_SAMPLE_DEPTH=131072                                                    ; --            ; --          ; auto_signaltap_0   ;
; SLD_NODE_PARAMETER_ASSIGNMENT        ; SLD_NODE_CRC_LOWORD=5135                                                   ; --            ; --          ; auto_signaltap_0   ;
; SLD_NODE_PARAMETER_ASSIGNMENT        ; SLD_NODE_CRC_HIWORD=23702                                                  ; --            ; --          ; auto_signaltap_0   ;
; USE_SIGNALTAP_FILE                   ; stp1.stp                                                                   ; --            ; --          ; --                 ;
+--------------------------------------+----------------------------------------------------------------------------+---------------+-------------+--------------------+


+-------------------------------------------------------------------------------------------------------------------------------+
; Flow Elapsed Time                                                                                                             ;
+---------------------------+--------------+-------------------------+---------------------+------------------------------------+
; Module Name               ; Elapsed Time ; Average Processors Used ; Peak Virtual Memory ; Total CPU Time (on all processors) ;
+---------------------------+--------------+-------------------------+---------------------+------------------------------------+
; Analysis & Synthesis      ; 00:00:09     ; 1.0                     ; 670 MB              ; 00:00:09                           ;
; Fitter                    ; 00:01:10     ; 1.4                     ; 1893 MB             ; 00:01:33                           ;
; Assembler                 ; 00:00:15     ; 1.0                     ; 682 MB              ; 00:00:15                           ;
; TimeQuest Timing Analyzer ; 00:00:17     ; 1.3                     ; 938 MB              ; 00:00:22                           ;
; EDA Netlist Writer        ; 00:00:03     ; 1.0                     ; 577 MB              ; 00:00:03                           ;
; Total                     ; 00:01:54     ; --                      ; --                  ; 00:02:22                           ;
+---------------------------+--------------+-------------------------+---------------------+------------------------------------+


+----------------------------------------------------------------------------------------+
; Flow OS Summary                                                                        ;
+---------------------------+------------------+-----------+------------+----------------+
; Module Name               ; Machine Hostname ; OS Name   ; OS Version ; Processor type ;
+---------------------------+------------------+-----------+------------+----------------+
; Analysis & Synthesis      ; DESKTOP-722DI75  ; Windows 7 ; 6.2        ; x86_64         ;
; Fitter                    ; DESKTOP-722DI75  ; Windows 7 ; 6.2        ; x86_64         ;
; Assembler                 ; DESKTOP-722DI75  ; Windows 7 ; 6.2        ; x86_64         ;
; TimeQuest Timing Analyzer ; DESKTOP-722DI75  ; Windows 7 ; 6.2        ; x86_64         ;
; EDA Netlist Writer        ; DESKTOP-722DI75  ; Windows 7 ; 6.2        ; x86_64         ;
+---------------------------+------------------+-----------+------------+----------------+


------------
; Flow Log ;
------------
quartus_map --read_settings_files=on --write_settings_files=off top_signal -c top_signal
quartus_fit --read_settings_files=off --write_settings_files=off top_signal -c top_signal
quartus_asm --read_settings_files=off --write_settings_files=off top_signal -c top_signal
quartus_sta top_signal -c top_signal
quartus_eda --read_settings_files=off --write_settings_files=off top_signal -c top_signal



