Analysis & Synthesis report for traffic
Fri Dec 07 10:36:15 2018
Quartus II 64-Bit Version 13.1.0 Build 162 10/23/2013 SJ Full Version


---------------------
; Table of Contents ;
---------------------
  1. Legal Notice
  2. Analysis & Synthesis Summary
  3. Analysis & Synthesis Settings
  4. Parallel Compilation
  5. Analysis & Synthesis Source Files Read
  6. Analysis & Synthesis Resource Usage Summary
  7. Analysis & Synthesis Resource Utilization by Entity
  8. General Register Statistics
  9. Inverted Register Statistics
 10. Multiplexer Restructuring Statistics (Restructuring Performed)
 11. Parameter Settings for User Entity Instance: Top-level Entity: |traffic
 12. Parameter Settings for Inferred Entity Instance: lpm_divide:Div0
 13. Parameter Settings for Inferred Entity Instance: lpm_divide:Mod0
 14. Elapsed Time Per Partition
 15. Analysis & Synthesis Messages
 16. Analysis & Synthesis Suppressed Messages



----------------
; Legal Notice ;
----------------
Copyright (C) 1991-2013 Altera Corporation
Your use of Altera Corporation's design tools, logic functions 
and other software and tools, and its AMPP partner logic 
functions, and any output files from any of the foregoing 
(including device programming or simulation files), and any 
associated documentation or information are expressly subject 
to the terms and conditions of the Altera Program License 
Subscription Agreement, Altera MegaCore Function License 
Agreement, or other applicable license agreement, including, 
without limitation, that your use is for the sole purpose of 
programming logic devices manufactured by Altera and sold by 
Altera or its authorized distributors.  Please refer to the 
applicable agreement for further details.



+-------------------------------------------------------------------------------+
; Analysis & Synthesis Summary                                                  ;
+---------------------------------+---------------------------------------------+
; Analysis & Synthesis Status     ; Successful - Fri Dec 07 10:36:15 2018       ;
; Quartus II 64-Bit Version       ; 13.1.0 Build 162 10/23/2013 SJ Full Version ;
; Revision Name                   ; traffic                                     ;
; Top-level Entity Name           ; traffic                                     ;
; Family                          ; Cyclone V                                   ;
; Logic utilization (in ALMs)     ; N/A                                         ;
; Total registers                 ; 42                                          ;
; Total pins                      ; 33                                          ;
; Total virtual pins              ; 0                                           ;
; Total block memory bits         ; 0                                           ;
; Total DSP Blocks                ; 0                                           ;
; Total HSSI RX PCSs              ; 0                                           ;
; Total HSSI PMA RX Deserializers ; 0                                           ;
; Total HSSI TX PCSs              ; 0                                           ;
; Total HSSI TX Channels          ; 0                                           ;
; Total PLLs                      ; 0                                           ;
; Total DLLs                      ; 0                                           ;
+---------------------------------+---------------------------------------------+


+---------------------------------------------------------------------------------------------------------------------------+
; Analysis & Synthesis Settings                                                                                             ;
+---------------------------------------------------------------------------------+--------------------+--------------------+
; Option                                                                          ; Setting            ; Default Value      ;
+---------------------------------------------------------------------------------+--------------------+--------------------+
; Device                                                                          ; 5CSEMA5F31C6       ;                    ;
; Top-level entity name                                                           ; traffic            ; traffic            ;
; Family name                                                                     ; Cyclone V          ; Cyclone IV GX      ;
; Use smart compilation                                                           ; Off                ; Off                ;
; Enable parallel Assembler and TimeQuest Timing Analyzer during compilation      ; On                 ; On                 ;
; Enable compact report table                                                     ; Off                ; Off                ;
; Restructure Multiplexers                                                        ; Auto               ; Auto               ;
; MLAB Add Timing Constraints For Mixed-Port Feed-Through Mode Setting Don't Care ; Off                ; Off                ;
; Create Debugging Nodes for IP Cores                                             ; Off                ; Off                ;
; Preserve fewer node names                                                       ; On                 ; On                 ;
; Disable OpenCore Plus hardware evaluation                                       ; Off                ; Off                ;
; Verilog Version                                                                 ; Verilog_2001       ; Verilog_2001       ;
; VHDL Version                                                                    ; VHDL_1993          ; VHDL_1993          ;
; State Machine Processing                                                        ; Auto               ; Auto               ;
; Safe State Machine                                                              ; Off                ; Off                ;
; Extract Verilog State Machines                                                  ; On                 ; On                 ;
; Extract VHDL State Machines                                                     ; On                 ; On                 ;
; Ignore Verilog initial constructs                                               ; Off                ; Off                ;
; Iteration limit for constant Verilog loops                                      ; 5000               ; 5000               ;
; Iteration limit for non-constant Verilog loops                                  ; 250                ; 250                ;
; Add Pass-Through Logic to Inferred RAMs                                         ; On                 ; On                 ;
; Infer RAMs from Raw Logic                                                       ; On                 ; On                 ;
; Parallel Synthesis                                                              ; On                 ; On                 ;
; DSP Block Balancing                                                             ; Auto               ; Auto               ;
; NOT Gate Push-Back                                                              ; On                 ; On                 ;
; Power-Up Don't Care                                                             ; On                 ; On                 ;
; Remove Redundant Logic Cells                                                    ; Off                ; Off                ;
; Remove Duplicate Registers                                                      ; On                 ; On                 ;
; Ignore CARRY Buffers                                                            ; Off                ; Off                ;
; Ignore CASCADE Buffers                                                          ; Off                ; Off                ;
; Ignore GLOBAL Buffers                                                           ; Off                ; Off                ;
; Ignore ROW GLOBAL Buffers                                                       ; Off                ; Off                ;
; Ignore LCELL Buffers                                                            ; Off                ; Off                ;
; Ignore SOFT Buffers                                                             ; On                 ; On                 ;
; Limit AHDL Integers to 32 Bits                                                  ; Off                ; Off                ;
; Optimization Technique                                                          ; Balanced           ; Balanced           ;
; Carry Chain Length                                                              ; 70                 ; 70                 ;
; Auto Carry Chains                                                               ; On                 ; On                 ;
; Auto Open-Drain Pins                                                            ; On                 ; On                 ;
; Perform WYSIWYG Primitive Resynthesis                                           ; Off                ; Off                ;
; Auto ROM Replacement                                                            ; On                 ; On                 ;
; Auto RAM Replacement                                                            ; On                 ; On                 ;
; Auto DSP Block Replacement                                                      ; On                 ; On                 ;
; Auto Shift Register Replacement                                                 ; Auto               ; Auto               ;
; Allow Shift Register Merging across Hierarchies                                 ; Auto               ; Auto               ;
; Auto Clock Enable Replacement                                                   ; On                 ; On                 ;
; Strict RAM Replacement                                                          ; Off                ; Off                ;
; Allow Synchronous Control Signals                                               ; On                 ; On                 ;
; Force Use of Synchronous Clear Signals                                          ; Off                ; Off                ;
; Auto Resource Sharing                                                           ; Off                ; Off                ;
; Allow Any RAM Size For Recognition                                              ; Off                ; Off                ;
; Allow Any ROM Size For Recognition                                              ; Off                ; Off                ;
; Allow Any Shift Register Size For Recognition                                   ; Off                ; Off                ;
; Use LogicLock Constraints during Resource Balancing                             ; On                 ; On                 ;
; Ignore translate_off and synthesis_off directives                               ; Off                ; Off                ;
; Timing-Driven Synthesis                                                         ; On                 ; On                 ;
; Report Parameter Settings                                                       ; On                 ; On                 ;
; Report Source Assignments                                                       ; On                 ; On                 ;
; Report Connectivity Checks                                                      ; On                 ; On                 ;
; Ignore Maximum Fan-Out Assignments                                              ; Off                ; Off                ;
; Synchronization Register Chain Length                                           ; 3                  ; 3                  ;
; PowerPlay Power Optimization                                                    ; Normal compilation ; Normal compilation ;
; HDL message level                                                               ; Level2             ; Level2             ;
; Suppress Register Optimization Related Messages                                 ; Off                ; Off                ;
; Number of Removed Registers Reported in Synthesis Report                        ; 5000               ; 5000               ;
; Number of Swept Nodes Reported in Synthesis Report                              ; 5000               ; 5000               ;
; Number of Inverted Registers Reported in Synthesis Report                       ; 100                ; 100                ;
; Clock MUX Protection                                                            ; On                 ; On                 ;
; Auto Gated Clock Conversion                                                     ; Off                ; Off                ;
; Block Design Naming                                                             ; Auto               ; Auto               ;
; SDC constraint protection                                                       ; Off                ; Off                ;
; Synthesis Effort                                                                ; Auto               ; Auto               ;
; Shift Register Replacement - Allow Asynchronous Clear Signal                    ; On                 ; On                 ;
; Pre-Mapping Resynthesis Optimization                                            ; Off                ; Off                ;
; Analysis & Synthesis Message Level                                              ; Medium             ; Medium             ;
; Disable Register Merging Across Hierarchies                                     ; Auto               ; Auto               ;
; Resource Aware Inference For Block RAM                                          ; On                 ; On                 ;
; Synthesis Seed                                                                  ; 1                  ; 1                  ;
; Automatic Parallel Synthesis                                                    ; On                 ; On                 ;
+---------------------------------------------------------------------------------+--------------------+--------------------+


+------------------------------------------+
; Parallel Compilation                     ;
+----------------------------+-------------+
; Processors                 ; Number      ;
+----------------------------+-------------+
; Number detected on machine ; 4           ;
; Maximum allowed            ; 2           ;
;                            ;             ;
; Average used               ; 1.00        ;
; Maximum used               ; 2           ;
;                            ;             ;
; Usage by Processor         ; % Time Used ;
;     Processor 1            ; 100.0%      ;
;     Processor 2            ; < 0.1%      ;
;     Processors 3-4         ;   0.0%      ;
+----------------------------+-------------+


+--------------------------------------------------------------------------------------------------------------------------------------------------------------------------------------+
; Analysis & Synthesis Source Files Read                                                                                                                                               ;
+----------------------------------+-----------------+------------------------------+----------------------------------------------------------------------------------------+---------+
; File Name with User-Entered Path ; Used in Netlist ; File Type                    ; File Name with Absolute Path                                                           ; Library ;
+----------------------------------+-----------------+------------------------------+----------------------------------------------------------------------------------------+---------+
; traffic.v                        ; yes             ; User Verilog HDL File        ; D:/work_and_study_ducuments/Verilog_Files/FPGA-Cyclone/Exp5/traffic.v                  ;         ;
; lpm_divide.tdf                   ; yes             ; Megafunction                 ; g:/altera/13.1/quartus/libraries/megafunctions/lpm_divide.tdf                          ;         ;
; abs_divider.inc                  ; yes             ; Megafunction                 ; g:/altera/13.1/quartus/libraries/megafunctions/abs_divider.inc                         ;         ;
; sign_div_unsign.inc              ; yes             ; Megafunction                 ; g:/altera/13.1/quartus/libraries/megafunctions/sign_div_unsign.inc                     ;         ;
; aglobal131.inc                   ; yes             ; Megafunction                 ; g:/altera/13.1/quartus/libraries/megafunctions/aglobal131.inc                          ;         ;
; db/lpm_divide_5am.tdf            ; yes             ; Auto-Generated Megafunction  ; D:/work_and_study_ducuments/Verilog_Files/FPGA-Cyclone/Exp5/db/lpm_divide_5am.tdf      ;         ;
; db/sign_div_unsign_bkh.tdf       ; yes             ; Auto-Generated Megafunction  ; D:/work_and_study_ducuments/Verilog_Files/FPGA-Cyclone/Exp5/db/sign_div_unsign_bkh.tdf ;         ;
; db/alt_u_div_48f.tdf             ; yes             ; Auto-Generated Megafunction  ; D:/work_and_study_ducuments/Verilog_Files/FPGA-Cyclone/Exp5/db/alt_u_div_48f.tdf       ;         ;
; db/add_sub_1tc.tdf               ; yes             ; Auto-Generated Megafunction  ; D:/work_and_study_ducuments/Verilog_Files/FPGA-Cyclone/Exp5/db/add_sub_1tc.tdf         ;         ;
; db/add_sub_2tc.tdf               ; yes             ; Auto-Generated Megafunction  ; D:/work_and_study_ducuments/Verilog_Files/FPGA-Cyclone/Exp5/db/add_sub_2tc.tdf         ;         ;
; db/lpm_divide_82m.tdf            ; yes             ; Auto-Generated Megafunction  ; D:/work_and_study_ducuments/Verilog_Files/FPGA-Cyclone/Exp5/db/lpm_divide_82m.tdf      ;         ;
+----------------------------------+-----------------+------------------------------+----------------------------------------------------------------------------------------+---------+


+---------------------------------------------------------+
; Analysis & Synthesis Resource Usage Summary             ;
+---------------------------------------------+-----------+
; Resource                                    ; Usage     ;
+---------------------------------------------+-----------+
; Estimate of Logic utilization (ALMs needed) ; 93        ;
;                                             ;           ;
; Combinational ALUT usage for logic          ; 178       ;
;     -- 7 input functions                    ; 0         ;
;     -- 6 input functions                    ; 7         ;
;     -- 5 input functions                    ; 11        ;
;     -- 4 input functions                    ; 23        ;
;     -- <=3 input functions                  ; 137       ;
;                                             ;           ;
; Dedicated logic registers                   ; 42        ;
;                                             ;           ;
; I/O pins                                    ; 33        ;
; Total DSP Blocks                            ; 0         ;
; Maximum fan-out node                        ; rst~input ;
; Maximum fan-out                             ; 42        ;
; Total fan-out                               ; 719       ;
; Average fan-out                             ; 2.51      ;
+---------------------------------------------+-----------+


+------------------------------------------------------------------------------------------------------------------------------------------------------------------------------------------------------------------------------------------------------------+
; Analysis & Synthesis Resource Utilization by Entity                                                                                                                                                                                                        ;
+----------------------------------------+-------------------+--------------+-------------------+------------+------+--------------+----------------------------------------------------------------------------------------------------------+--------------+
; Compilation Hierarchy Node             ; LC Combinationals ; LC Registers ; Block Memory Bits ; DSP Blocks ; Pins ; Virtual Pins ; Full Hierarchy Name                                                                                      ; Library Name ;
+----------------------------------------+-------------------+--------------+-------------------+------------+------+--------------+----------------------------------------------------------------------------------------------------------+--------------+
; |traffic                               ; 178 (76)          ; 42 (42)      ; 0                 ; 0          ; 33   ; 0            ; |traffic                                                                                                 ; work         ;
;    |lpm_divide:Div0|                   ; 49 (0)            ; 0 (0)        ; 0                 ; 0          ; 0    ; 0            ; |traffic|lpm_divide:Div0                                                                                 ; work         ;
;       |lpm_divide_5am:auto_generated|  ; 49 (0)            ; 0 (0)        ; 0                 ; 0          ; 0    ; 0            ; |traffic|lpm_divide:Div0|lpm_divide_5am:auto_generated                                                   ; work         ;
;          |sign_div_unsign_bkh:divider| ; 49 (0)            ; 0 (0)        ; 0                 ; 0          ; 0    ; 0            ; |traffic|lpm_divide:Div0|lpm_divide_5am:auto_generated|sign_div_unsign_bkh:divider                       ; work         ;
;             |alt_u_div_48f:divider|    ; 49 (49)           ; 0 (0)        ; 0                 ; 0          ; 0    ; 0            ; |traffic|lpm_divide:Div0|lpm_divide_5am:auto_generated|sign_div_unsign_bkh:divider|alt_u_div_48f:divider ; work         ;
;    |lpm_divide:Mod0|                   ; 53 (0)            ; 0 (0)        ; 0                 ; 0          ; 0    ; 0            ; |traffic|lpm_divide:Mod0                                                                                 ; work         ;
;       |lpm_divide_82m:auto_generated|  ; 53 (0)            ; 0 (0)        ; 0                 ; 0          ; 0    ; 0            ; |traffic|lpm_divide:Mod0|lpm_divide_82m:auto_generated                                                   ; work         ;
;          |sign_div_unsign_bkh:divider| ; 53 (0)            ; 0 (0)        ; 0                 ; 0          ; 0    ; 0            ; |traffic|lpm_divide:Mod0|lpm_divide_82m:auto_generated|sign_div_unsign_bkh:divider                       ; work         ;
;             |alt_u_div_48f:divider|    ; 53 (53)           ; 0 (0)        ; 0                 ; 0          ; 0    ; 0            ; |traffic|lpm_divide:Mod0|lpm_divide_82m:auto_generated|sign_div_unsign_bkh:divider|alt_u_div_48f:divider ; work         ;
+----------------------------------------+-------------------+--------------+-------------------+------------+------+--------------+----------------------------------------------------------------------------------------------------------+--------------+
Note: For table entries with two numbers listed, the numbers in parentheses indicate the number of resources of the given type used by the specific entity alone. The numbers listed outside of parentheses indicate the total resources of the given type used by the specific entity and all of its sub-entities in the hierarchy.


+------------------------------------------------------+
; General Register Statistics                          ;
+----------------------------------------------+-------+
; Statistic                                    ; Value ;
+----------------------------------------------+-------+
; Total registers                              ; 42    ;
; Number of registers using Synchronous Clear  ; 31    ;
; Number of registers using Synchronous Load   ; 0     ;
; Number of registers using Asynchronous Clear ; 41    ;
; Number of registers using Asynchronous Load  ; 0     ;
; Number of registers using Clock Enable       ; 0     ;
; Number of registers using Preset             ; 0     ;
+----------------------------------------------+-------+


+--------------------------------------------------+
; Inverted Register Statistics                     ;
+----------------------------------------+---------+
; Inverted Register                      ; Fan out ;
+----------------------------------------+---------+
; cnt[0]~reg0                            ; 6       ;
; cnt[1]~reg0                            ; 8       ;
; cnt[3]~reg0                            ; 9       ;
; cnt[4]~reg0                            ; 9       ;
; cnt[5]~reg0                            ; 9       ;
; Total number of inverted registers = 5 ;         ;
+----------------------------------------+---------+


+------------------------------------------------------------------------------------------------------------------------------------------+
; Multiplexer Restructuring Statistics (Restructuring Performed)                                                                           ;
+--------------------+-----------+---------------+----------------------+------------------------+------------+----------------------------+
; Multiplexer Inputs ; Bus Width ; Baseline Area ; Area if Restructured ; Saving if Restructured ; Registered ; Example Multiplexer Output ;
+--------------------+-----------+---------------+----------------------+------------------------+------------+----------------------------+
; 3:1                ; 3 bits    ; 6 LEs         ; 6 LEs                ; 0 LEs                  ; Yes        ; |traffic|cnt[7]~reg0       ;
; 3:1                ; 2 bits    ; 4 LEs         ; 4 LEs                ; 0 LEs                  ; Yes        ; |traffic|cnt[1]~reg0       ;
; 7:1                ; 2 bits    ; 8 LEs         ; 6 LEs                ; 2 LEs                  ; Yes        ; |traffic|cnt[5]~reg0       ;
+--------------------+-----------+---------------+----------------------+------------------------+------------+----------------------------+


+-------------------------------------------------------------------------+
; Parameter Settings for User Entity Instance: Top-level Entity: |traffic ;
+----------------+-------+------------------------------------------------+
; Parameter Name ; Value ; Type                                           ;
+----------------+-------+------------------------------------------------+
; s0             ; 0     ; Signed Integer                                 ;
; s1             ; 1     ; Signed Integer                                 ;
; s2             ; 2     ; Signed Integer                                 ;
; s3             ; 3     ; Signed Integer                                 ;
+----------------+-------+------------------------------------------------+
Note: In order to hide this table in the UI and the text report file, please set the "Show Parameter Settings in Synthesis Report" option in "Analysis and Synthesis Settings -> More Settings" to "Off".


+------------------------------------------------------------------+
; Parameter Settings for Inferred Entity Instance: lpm_divide:Div0 ;
+------------------------+----------------+------------------------+
; Parameter Name         ; Value          ; Type                   ;
+------------------------+----------------+------------------------+
; LPM_WIDTHN             ; 8              ; Untyped                ;
; LPM_WIDTHD             ; 4              ; Untyped                ;
; LPM_NREPRESENTATION    ; UNSIGNED       ; Untyped                ;
; LPM_DREPRESENTATION    ; UNSIGNED       ; Untyped                ;
; LPM_PIPELINE           ; 0              ; Untyped                ;
; LPM_REMAINDERPOSITIVE  ; TRUE           ; Untyped                ;
; MAXIMIZE_SPEED         ; 5              ; Untyped                ;
; CBXI_PARAMETER         ; lpm_divide_5am ; Untyped                ;
; CARRY_CHAIN            ; MANUAL         ; Untyped                ;
; OPTIMIZE_FOR_SPEED     ; 5              ; Untyped                ;
; AUTO_CARRY_CHAINS      ; ON             ; AUTO_CARRY             ;
; IGNORE_CARRY_BUFFERS   ; OFF            ; IGNORE_CARRY           ;
; AUTO_CASCADE_CHAINS    ; ON             ; AUTO_CASCADE           ;
; IGNORE_CASCADE_BUFFERS ; OFF            ; IGNORE_CASCADE         ;
+------------------------+----------------+------------------------+
Note: In order to hide this table in the UI and the text report file, please set the "Show Parameter Settings in Synthesis Report" option in "Analysis and Synthesis Settings -> More Settings" to "Off".


+------------------------------------------------------------------+
; Parameter Settings for Inferred Entity Instance: lpm_divide:Mod0 ;
+------------------------+----------------+------------------------+
; Parameter Name         ; Value          ; Type                   ;
+------------------------+----------------+------------------------+
; LPM_WIDTHN             ; 8              ; Untyped                ;
; LPM_WIDTHD             ; 4              ; Untyped                ;
; LPM_NREPRESENTATION    ; UNSIGNED       ; Untyped                ;
; LPM_DREPRESENTATION    ; UNSIGNED       ; Untyped                ;
; LPM_PIPELINE           ; 0              ; Untyped                ;
; LPM_REMAINDERPOSITIVE  ; TRUE           ; Untyped                ;
; MAXIMIZE_SPEED         ; 5              ; Untyped                ;
; CBXI_PARAMETER         ; lpm_divide_82m ; Untyped                ;
; CARRY_CHAIN            ; MANUAL         ; Untyped                ;
; OPTIMIZE_FOR_SPEED     ; 5              ; Untyped                ;
; AUTO_CARRY_CHAINS      ; ON             ; AUTO_CARRY             ;
; IGNORE_CARRY_BUFFERS   ; OFF            ; IGNORE_CARRY           ;
; AUTO_CASCADE_CHAINS    ; ON             ; AUTO_CASCADE           ;
; IGNORE_CASCADE_BUFFERS ; OFF            ; IGNORE_CASCADE         ;
+------------------------+----------------+------------------------+
Note: In order to hide this table in the UI and the text report file, please set the "Show Parameter Settings in Synthesis Report" option in "Analysis and Synthesis Settings -> More Settings" to "Off".


+-------------------------------+
; Elapsed Time Per Partition    ;
+----------------+--------------+
; Partition Name ; Elapsed Time ;
+----------------+--------------+
; Top            ; 00:00:01     ;
+----------------+--------------+


+-------------------------------+
; Analysis & Synthesis Messages ;
+-------------------------------+
Info: *******************************************************************
Info: Running Quartus II 64-Bit Analysis & Synthesis
    Info: Version 13.1.0 Build 162 10/23/2013 SJ Full Version
    Info: Processing started: Fri Dec 07 10:36:12 2018
Info: Command: quartus_map --read_settings_files=on --write_settings_files=off traffic -c traffic
Info (11104): Parallel Compilation has detected 4 hyper-threaded processors. However, the extra hyper-threaded processors will not be used by default. Parallel Compilation will use 2 of the 2 physical processors detected instead.
Info (12021): Found 1 design units, including 1 entities, in source file traffic.v
    Info (12023): Found entity 1: traffic
Info (12127): Elaborating entity "traffic" for the top level hierarchy
Warning (10230): Verilog HDL assignment warning at traffic.v(19): truncated value with size 32 to match size of target (31)
Warning (10230): Verilog HDL assignment warning at traffic.v(32): truncated value with size 32 to match size of target (2)
Warning (10230): Verilog HDL assignment warning at traffic.v(42): truncated value with size 32 to match size of target (8)
Warning (10230): Verilog HDL assignment warning at traffic.v(43): truncated value with size 32 to match size of target (2)
Warning (10230): Verilog HDL assignment warning at traffic.v(49): truncated value with size 32 to match size of target (2)
Warning (10230): Verilog HDL assignment warning at traffic.v(54): truncated value with size 32 to match size of target (2)
Warning (10230): Verilog HDL assignment warning at traffic.v(63): truncated value with size 32 to match size of target (8)
Warning (10230): Verilog HDL assignment warning at traffic.v(64): truncated value with size 32 to match size of target (2)
Warning (10230): Verilog HDL assignment warning at traffic.v(68): truncated value with size 32 to match size of target (2)
Warning (10230): Verilog HDL assignment warning at traffic.v(76): truncated value with size 32 to match size of target (2)
Warning (10230): Verilog HDL assignment warning at traffic.v(81): truncated value with size 32 to match size of target (8)
Warning (10230): Verilog HDL assignment warning at traffic.v(84): truncated value with size 32 to match size of target (2)
Warning (10230): Verilog HDL assignment warning at traffic.v(87): truncated value with size 32 to match size of target (2)
Warning (10230): Verilog HDL assignment warning at traffic.v(97): truncated value with size 32 to match size of target (8)
Warning (10230): Verilog HDL assignment warning at traffic.v(98): truncated value with size 32 to match size of target (2)
Warning (10230): Verilog HDL assignment warning at traffic.v(102): truncated value with size 32 to match size of target (2)
Warning (10230): Verilog HDL assignment warning at traffic.v(124): truncated value with size 32 to match size of target (4)
Warning (10230): Verilog HDL assignment warning at traffic.v(125): truncated value with size 32 to match size of target (4)
Info (278001): Inferred 2 megafunctions from design logic
    Info (278004): Inferred divider/modulo megafunction ("lpm_divide") from the following logic: "Div0"
    Info (278004): Inferred divider/modulo megafunction ("lpm_divide") from the following logic: "Mod0"
Info (12130): Elaborated megafunction instantiation "lpm_divide:Div0"
Info (12133): Instantiated megafunction "lpm_divide:Div0" with the following parameter:
    Info (12134): Parameter "LPM_WIDTHN" = "8"
    Info (12134): Parameter "LPM_WIDTHD" = "4"
    Info (12134): Parameter "LPM_NREPRESENTATION" = "UNSIGNED"
    Info (12134): Parameter "LPM_DREPRESENTATION" = "UNSIGNED"
Info (12021): Found 1 design units, including 1 entities, in source file db/lpm_divide_5am.tdf
    Info (12023): Found entity 1: lpm_divide_5am
Info (12021): Found 1 design units, including 1 entities, in source file db/sign_div_unsign_bkh.tdf
    Info (12023): Found entity 1: sign_div_unsign_bkh
Info (12021): Found 1 design units, including 1 entities, in source file db/alt_u_div_48f.tdf
    Info (12023): Found entity 1: alt_u_div_48f
Info (12021): Found 1 design units, including 1 entities, in source file db/add_sub_1tc.tdf
    Info (12023): Found entity 1: add_sub_1tc
Info (12021): Found 1 design units, including 1 entities, in source file db/add_sub_2tc.tdf
    Info (12023): Found entity 1: add_sub_2tc
Info (12130): Elaborated megafunction instantiation "lpm_divide:Mod0"
Info (12133): Instantiated megafunction "lpm_divide:Mod0" with the following parameter:
    Info (12134): Parameter "LPM_WIDTHN" = "8"
    Info (12134): Parameter "LPM_WIDTHD" = "4"
    Info (12134): Parameter "LPM_NREPRESENTATION" = "UNSIGNED"
    Info (12134): Parameter "LPM_DREPRESENTATION" = "UNSIGNED"
Info (12021): Found 1 design units, including 1 entities, in source file db/lpm_divide_82m.tdf
    Info (12023): Found entity 1: lpm_divide_82m
Info (286030): Timing-Driven Synthesis is running
Info (144001): Generated suppressed messages file D:/work_and_study_ducuments/Verilog_Files/FPGA-Cyclone/Exp5/output_files/traffic.map.smsg
Info (16010): Generating hard_block partition "hard_block:auto_generated_inst"
    Info (16011): Adding 0 node(s), including 0 DDIO, 0 PLL, 0 transceiver and 0 LCELL
Info (21057): Implemented 211 device resources after synthesis - the final resource count might be different
    Info (21058): Implemented 3 input pins
    Info (21059): Implemented 30 output pins
    Info (21061): Implemented 178 logic cells
Info: Quartus II 64-Bit Analysis & Synthesis was successful. 0 errors, 18 warnings
    Info: Peak virtual memory: 582 megabytes
    Info: Processing ended: Fri Dec 07 10:36:15 2018
    Info: Elapsed time: 00:00:03
    Info: Total CPU time (on all processors): 00:00:03


+------------------------------------------+
; Analysis & Synthesis Suppressed Messages ;
+------------------------------------------+
The suppressed messages can be found in D:/work_and_study_ducuments/Verilog_Files/FPGA-Cyclone/Exp5/output_files/traffic.map.smsg.


