Flow report for digitalclock
Fri Dec 07 22:23:18 2018
Quartus II 64-Bit Version 13.1.0 Build 162 10/23/2013 SJ Full Version


---------------------
; Table of Contents ;
---------------------
  1. Legal Notice
  2. Flow Summary
  3. Flow Settings
  4. Flow Non-Default Global Settings
  5. Flow Elapsed Time
  6. Flow OS Summary
  7. Flow Log
  8. Flow Messages
  9. Flow Suppressed Messages



----------------
; Legal Notice ;
----------------
Copyright (C) 1991-2013 Altera Corporation
Your use of Altera Corporation's design tools, logic functions 
and other software and tools, and its AMPP partner logic 
functions, and any output files from any of the foregoing 
(including device programming or simulation files), and any 
associated documentation or information are expressly subject 
to the terms and conditions of the Altera Program License 
Subscription Agreement, Altera MegaCore Function License 
Agreement, or other applicable license agreement, including, 
without limitation, that your use is for the sole purpose of 
programming logic devices manufactured by Altera and sold by 
Altera or its authorized distributors.  Please refer to the 
applicable agreement for further details.



+----------------------------------------------------------------------------------+
; Flow Summary                                                                     ;
+------------------------------------+---------------------------------------------+
; Flow Status                        ; Successful - Fri Dec 07 22:23:18 2018       ;
; Quartus II 64-Bit Version          ; 13.1.0 Build 162 10/23/2013 SJ Full Version ;
; Revision Name                      ; digitalclock                                ;
; Top-level Entity Name              ; digitalclock                                ;
; Family                             ; Cyclone IV GX                               ;
; Total logic elements               ; 32 / 21,280 ( < 1 % )                       ;
;     Total combinational functions  ; 32 / 21,280 ( < 1 % )                       ;
;     Dedicated logic registers      ; 24 / 21,280 ( < 1 % )                       ;
; Total registers                    ; 24                                          ;
; Total pins                         ; 71 / 167 ( 43 % )                           ;
; Total virtual pins                 ; 0                                           ;
; Total memory bits                  ; 0 / 774,144 ( 0 % )                         ;
; Embedded Multiplier 9-bit elements ; 0 / 80 ( 0 % )                              ;
; Total GXB Receiver Channel PCS     ; 0 / 4 ( 0 % )                               ;
; Total GXB Receiver Channel PMA     ; 0 / 4 ( 0 % )                               ;
; Total GXB Transmitter Channel PCS  ; 0 / 4 ( 0 % )                               ;
; Total GXB Transmitter Channel PMA  ; 0 / 4 ( 0 % )                               ;
; Total PLLs                         ; 0 / 4 ( 0 % )                               ;
; Device                             ; EP4CGX22CF19C6                              ;
; Timing Models                      ; Final                                       ;
+------------------------------------+---------------------------------------------+


+-----------------------------------------+
; Flow Settings                           ;
+-------------------+---------------------+
; Option            ; Setting             ;
+-------------------+---------------------+
; Start date & time ; 12/07/2018 21:59:25 ;
; Main task         ; Compilation         ;
; Revision Name     ; digitalclock        ;
+-------------------+---------------------+


+-------------------------------------------------------------------------------------------------------------------------------------------------------------------+
; Flow Non-Default Global Settings                                                                                                                                  ;
+-------------------------------------+------------------------------------------------------------------------------+---------------+-------------+----------------+
; Assignment Name                     ; Value                                                                        ; Default Value ; Entity Name ; Section Id     ;
+-------------------------------------+------------------------------------------------------------------------------+---------------+-------------+----------------+
; COMPILER_SIGNATURE_ID               ; 277375804652359.154419116523996                                              ; --            ; --          ; --             ;
; EDA_GENERATE_FUNCTIONAL_NETLIST     ; Off                                                                          ; --            ; --          ; eda_simulation ;
; EDA_NETLIST_WRITER_OUTPUT_DIR       ; D:/work_and_study_ducuments/Verilog_Files/FPGA-Cyclone/Exp6/simulation/qsim/ ; --            ; --          ; eda_simulation ;
; EDA_OUTPUT_DATA_FORMAT              ; Verilog Hdl                                                                  ; --            ; --          ; eda_simulation ;
; EDA_SIMULATION_TOOL                 ; ModelSim-Altera (Verilog)                                                    ; <None>        ; --          ; --             ;
; EDA_TIME_SCALE                      ; 1 ps                                                                         ; --            ; --          ; eda_simulation ;
; PARTITION_COLOR                     ; 16764057                                                                     ; --            ; --          ; Top            ;
; PARTITION_FITTER_PRESERVATION_LEVEL ; PLACEMENT_AND_ROUTING                                                        ; --            ; --          ; Top            ;
; PARTITION_NETLIST_TYPE              ; SOURCE                                                                       ; --            ; --          ; Top            ;
; PROJECT_OUTPUT_DIRECTORY            ; output_files                                                                 ; --            ; --          ; --             ;
+-------------------------------------+------------------------------------------------------------------------------+---------------+-------------+----------------+


+-------------------------------------------------------------------------------------------------------------------------------+
; Flow Elapsed Time                                                                                                             ;
+---------------------------+--------------+-------------------------+---------------------+------------------------------------+
; Module Name               ; Elapsed Time ; Average Processors Used ; Peak Virtual Memory ; Total CPU Time (on all processors) ;
+---------------------------+--------------+-------------------------+---------------------+------------------------------------+
; Analysis & Synthesis      ; 00:00:02     ; 1.0                     ; 557 MB              ; 00:00:02                           ;
; Fitter                    ; 00:00:14     ; 1.1                     ; 1173 MB             ; 00:00:15                           ;
; Assembler                 ; 00:00:02     ; 1.0                     ; 551 MB              ; 00:00:02                           ;
; TimeQuest Timing Analyzer ; 00:00:03     ; 1.0                     ; 559 MB              ; 00:00:04                           ;
; EDA Netlist Writer        ; 00:00:01     ; 1.0                     ; 498 MB              ; 00:00:01                           ;
; EDA Netlist Writer        ; 00:00:00     ; 1.0                     ; 498 MB              ; 00:00:01                           ;
; EDA Netlist Writer        ; 00:00:01     ; 1.0                     ; 514 MB              ; 00:00:01                           ;
; EDA Netlist Writer        ; 00:00:01     ; 1.0                     ; 498 MB              ; 00:00:01                           ;
; EDA Netlist Writer        ; 00:00:02     ; 1.0                     ; 514 MB              ; 00:00:01                           ;
; EDA Netlist Writer        ; 00:00:01     ; 1.0                     ; 498 MB              ; 00:00:01                           ;
; EDA Netlist Writer        ; 00:00:02     ; 1.0                     ; 514 MB              ; 00:00:01                           ;
; EDA Netlist Writer        ; 00:00:00     ; 1.0                     ; 498 MB              ; 00:00:01                           ;
; EDA Netlist Writer        ; 00:00:01     ; 1.0                     ; 514 MB              ; 00:00:01                           ;
; EDA Netlist Writer        ; 00:00:01     ; 1.0                     ; 498 MB              ; 00:00:01                           ;
; EDA Netlist Writer        ; 00:00:01     ; 1.0                     ; 514 MB              ; 00:00:01                           ;
; EDA Netlist Writer        ; 00:00:01     ; 1.0                     ; 498 MB              ; 00:00:01                           ;
; EDA Netlist Writer        ; 00:00:01     ; 1.0                     ; 514 MB              ; 00:00:01                           ;
; EDA Netlist Writer        ; 00:00:01     ; 1.0                     ; 498 MB              ; 00:00:01                           ;
; EDA Netlist Writer        ; 00:00:01     ; 1.0                     ; 514 MB              ; 00:00:01                           ;
; EDA Netlist Writer        ; 00:00:01     ; 1.0                     ; 498 MB              ; 00:00:01                           ;
; EDA Netlist Writer        ; 00:00:01     ; 1.0                     ; 514 MB              ; 00:00:01                           ;
; EDA Netlist Writer        ; 00:00:01     ; 1.0                     ; 498 MB              ; 00:00:01                           ;
; EDA Netlist Writer        ; 00:00:01     ; 1.0                     ; 514 MB              ; 00:00:01                           ;
; EDA Netlist Writer        ; 00:00:01     ; 1.0                     ; 498 MB              ; 00:00:01                           ;
; EDA Netlist Writer        ; 00:00:01     ; 1.0                     ; 514 MB              ; 00:00:01                           ;
; Total                     ; 00:00:42     ; --                      ; --                  ; 00:00:44                           ;
+---------------------------+--------------+-------------------------+---------------------+------------------------------------+


+----------------------------------------------------------------------------------------+
; Flow OS Summary                                                                        ;
+---------------------------+------------------+-----------+------------+----------------+
; Module Name               ; Machine Hostname ; OS Name   ; OS Version ; Processor type ;
+---------------------------+------------------+-----------+------------+----------------+
; Analysis & Synthesis      ; DESKTOP-722DI75  ; Windows 7 ; 6.2        ; x86_64         ;
; Fitter                    ; DESKTOP-722DI75  ; Windows 7 ; 6.2        ; x86_64         ;
; Assembler                 ; DESKTOP-722DI75  ; Windows 7 ; 6.2        ; x86_64         ;
; TimeQuest Timing Analyzer ; DESKTOP-722DI75  ; Windows 7 ; 6.2        ; x86_64         ;
; EDA Netlist Writer        ; DESKTOP-722DI75  ; Windows 7 ; 6.2        ; x86_64         ;
; EDA Netlist Writer        ; DESKTOP-722DI75  ; Windows 7 ; 6.2        ; x86_64         ;
; EDA Netlist Writer        ; DESKTOP-722DI75  ; Windows 7 ; 6.2        ; x86_64         ;
; EDA Netlist Writer        ; DESKTOP-722DI75  ; Windows 7 ; 6.2        ; x86_64         ;
; EDA Netlist Writer        ; DESKTOP-722DI75  ; Windows 7 ; 6.2        ; x86_64         ;
; EDA Netlist Writer        ; DESKTOP-722DI75  ; Windows 7 ; 6.2        ; x86_64         ;
; EDA Netlist Writer        ; DESKTOP-722DI75  ; Windows 7 ; 6.2        ; x86_64         ;
; EDA Netlist Writer        ; DESKTOP-722DI75  ; Windows 7 ; 6.2        ; x86_64         ;
; EDA Netlist Writer        ; DESKTOP-722DI75  ; Windows 7 ; 6.2        ; x86_64         ;
; EDA Netlist Writer        ; DESKTOP-722DI75  ; Windows 7 ; 6.2        ; x86_64         ;
; EDA Netlist Writer        ; DESKTOP-722DI75  ; Windows 7 ; 6.2        ; x86_64         ;
; EDA Netlist Writer        ; DESKTOP-722DI75  ; Windows 7 ; 6.2        ; x86_64         ;
; EDA Netlist Writer        ; DESKTOP-722DI75  ; Windows 7 ; 6.2        ; x86_64         ;
; EDA Netlist Writer        ; DESKTOP-722DI75  ; Windows 7 ; 6.2        ; x86_64         ;
; EDA Netlist Writer        ; DESKTOP-722DI75  ; Windows 7 ; 6.2        ; x86_64         ;
; EDA Netlist Writer        ; DESKTOP-722DI75  ; Windows 7 ; 6.2        ; x86_64         ;
; EDA Netlist Writer        ; DESKTOP-722DI75  ; Windows 7 ; 6.2        ; x86_64         ;
; EDA Netlist Writer        ; DESKTOP-722DI75  ; Windows 7 ; 6.2        ; x86_64         ;
; EDA Netlist Writer        ; DESKTOP-722DI75  ; Windows 7 ; 6.2        ; x86_64         ;
; EDA Netlist Writer        ; DESKTOP-722DI75  ; Windows 7 ; 6.2        ; x86_64         ;
; EDA Netlist Writer        ; DESKTOP-722DI75  ; Windows 7 ; 6.2        ; x86_64         ;
+---------------------------+------------------+-----------+------------+----------------+


------------
; Flow Log ;
------------
quartus_map --read_settings_files=on --write_settings_files=off digitalclock -c digitalclock
quartus_fit --read_settings_files=off --write_settings_files=off digitalclock -c digitalclock
quartus_asm --read_settings_files=off --write_settings_files=off digitalclock -c digitalclock
quartus_sta digitalclock -c digitalclock
quartus_eda --read_settings_files=off --write_settings_files=off digitalclock -c digitalclock
quartus_eda --gen_testbench --check_outputs=on --tool=modelsim_oem --format=verilog digitalclock -c digitalclock --vector_source=D:/work_and_study_ducuments/Verilog_Files/FPGA-Cyclone/Exp6/Waveform.vwf --testbench_file=D:/work_and_study_ducuments/Verilog_Files/FPGA-Cyclone/Exp6/simulation/qsim/Waveform.vwf.vt
quartus_eda --functional=off --flatten_buses=off --timescale=1ps --simulation=on --tool=modelsim_oem --format=verilog --output_directory=D:/work_and_study_ducuments/Verilog_Files/FPGA-Cyclone/Exp6/simulation/qsim/ digitalclock -c digitalclock
quartus_eda --gen_testbench --check_outputs=on --tool=modelsim_oem --format=verilog digitalclock -c digitalclock --vector_source=D:/work_and_study_ducuments/Verilog_Files/FPGA-Cyclone/Exp6/Waveform.vwf --testbench_file=D:/work_and_study_ducuments/Verilog_Files/FPGA-Cyclone/Exp6/simulation/qsim/Waveform.vwf.vt
quartus_eda --functional=off --flatten_buses=off --timescale=1ps --simulation=on --tool=modelsim_oem --format=verilog --output_directory=D:/work_and_study_ducuments/Verilog_Files/FPGA-Cyclone/Exp6/simulation/qsim/ digitalclock -c digitalclock
quartus_eda --gen_testbench --check_outputs=on --tool=modelsim_oem --format=verilog digitalclock -c digitalclock --vector_source=D:/work_and_study_ducuments/Verilog_Files/FPGA-Cyclone/Exp6/Waveform.vwf --testbench_file=D:/work_and_study_ducuments/Verilog_Files/FPGA-Cyclone/Exp6/simulation/qsim/Waveform.vwf.vt
quartus_eda --functional=off --flatten_buses=off --timescale=1ps --simulation=on --tool=modelsim_oem --format=verilog --output_directory=D:/work_and_study_ducuments/Verilog_Files/FPGA-Cyclone/Exp6/simulation/qsim/ digitalclock -c digitalclock
quartus_eda --gen_testbench --check_outputs=on --tool=modelsim_oem --format=verilog digitalclock -c digitalclock --vector_source=D:/work_and_study_ducuments/Verilog_Files/FPGA-Cyclone/Exp6/Waveform.vwf --testbench_file=D:/work_and_study_ducuments/Verilog_Files/FPGA-Cyclone/Exp6/simulation/qsim/Waveform.vwf.vt
quartus_eda --functional=on --flatten_buses=off --simulation=on --tool=modelsim_oem --format=verilog --output_directory=D:/work_and_study_ducuments/Verilog_Files/FPGA-Cyclone/Exp6/simulation/qsim/ digitalclock -c digitalclock
quartus_eda --gen_testbench --check_outputs=on --tool=modelsim_oem --format=verilog digitalclock -c digitalclock --vector_source=D:/work_and_study_ducuments/Verilog_Files/FPGA-Cyclone/Exp6/Waveform.vwf --testbench_file=D:/work_and_study_ducuments/Verilog_Files/FPGA-Cyclone/Exp6/simulation/qsim/Waveform.vwf.vt
quartus_eda --functional=off --flatten_buses=off --timescale=1ps --simulation=on --tool=modelsim_oem --format=verilog --output_directory=D:/work_and_study_ducuments/Verilog_Files/FPGA-Cyclone/Exp6/simulation/qsim/ digitalclock -c digitalclock
quartus_eda --gen_testbench --check_outputs=on --tool=modelsim_oem --format=verilog digitalclock -c digitalclock --vector_source=D:/work_and_study_ducuments/Verilog_Files/FPGA-Cyclone/Exp6/Waveform.vwf --testbench_file=D:/work_and_study_ducuments/Verilog_Files/FPGA-Cyclone/Exp6/simulation/qsim/Waveform.vwf.vt
quartus_eda --functional=on --flatten_buses=off --simulation=on --tool=modelsim_oem --format=verilog --output_directory=D:/work_and_study_ducuments/Verilog_Files/FPGA-Cyclone/Exp6/simulation/qsim/ digitalclock -c digitalclock
quartus_eda --gen_testbench --check_outputs=on --tool=modelsim_oem --format=verilog digitalclock -c digitalclock --vector_source=D:/work_and_study_ducuments/Verilog_Files/FPGA-Cyclone/Exp6/Waveform.vwf --testbench_file=D:/work_and_study_ducuments/Verilog_Files/FPGA-Cyclone/Exp6/simulation/qsim/Waveform.vwf.vt
quartus_eda --functional=on --flatten_buses=off --simulation=on --tool=modelsim_oem --format=verilog --output_directory=D:/work_and_study_ducuments/Verilog_Files/FPGA-Cyclone/Exp6/simulation/qsim/ digitalclock -c digitalclock
quartus_eda --gen_testbench --check_outputs=on --tool=modelsim_oem --format=verilog digitalclock -c digitalclock --vector_source=D:/work_and_study_ducuments/Verilog_Files/FPGA-Cyclone/Exp6/Waveform.vwf --testbench_file=D:/work_and_study_ducuments/Verilog_Files/FPGA-Cyclone/Exp6/simulation/qsim/Waveform.vwf.vt
quartus_eda --functional=off --flatten_buses=off --timescale=1ps --simulation=on --tool=modelsim_oem --format=verilog --output_directory=D:/work_and_study_ducuments/Verilog_Files/FPGA-Cyclone/Exp6/simulation/qsim/ digitalclock -c digitalclock
quartus_eda --gen_testbench --check_outputs=on --tool=modelsim_oem --format=verilog digitalclock -c digitalclock --vector_source=D:/work_and_study_ducuments/Verilog_Files/FPGA-Cyclone/Exp6/Waveform1.vwf --testbench_file=D:/work_and_study_ducuments/Verilog_Files/FPGA-Cyclone/Exp6/simulation/qsim/Waveform1.vwf.vt
quartus_eda --functional=on --flatten_buses=off --simulation=on --tool=modelsim_oem --format=verilog --output_directory=D:/work_and_study_ducuments/Verilog_Files/FPGA-Cyclone/Exp6/simulation/qsim/ digitalclock -c digitalclock
quartus_eda --gen_testbench --check_outputs=on --tool=modelsim_oem --format=verilog digitalclock -c digitalclock --vector_source=D:/work_and_study_ducuments/Verilog_Files/FPGA-Cyclone/Exp6/Waveform1.vwf --testbench_file=D:/work_and_study_ducuments/Verilog_Files/FPGA-Cyclone/Exp6/simulation/qsim/Waveform1.vwf.vt
quartus_eda --functional=on --flatten_buses=off --simulation=on --tool=modelsim_oem --format=verilog --output_directory=D:/work_and_study_ducuments/Verilog_Files/FPGA-Cyclone/Exp6/simulation/qsim/ digitalclock -c digitalclock



